[debug] [2024-10-10T17:29:34.622Z] ----------------------------------------------------------------------
[debug] [2024-10-10T17:29:34.625Z] Command:       F:\downloaded apps\nodejs\node.exe C:\Users\nazia\AppData\Roaming\npm\node_modules\firebase-tools\lib\bin\firebase.js init
[debug] [2024-10-10T17:29:34.625Z] CLI Version:   13.0.2
[debug] [2024-10-10T17:29:34.625Z] Platform:      win32
[debug] [2024-10-10T17:29:34.626Z] Node Version:  v22.2.0
[debug] [2024-10-10T17:29:34.658Z] Time:          Thu Oct 10 2024 23:29:34 GMT+0600 (Bangladesh Standard Time)
[debug] [2024-10-10T17:29:34.658Z] ----------------------------------------------------------------------
[debug] 
[debug] [2024-10-10T17:29:34.700Z] >>> [apiv2][query] GET https://firebase-public.firebaseio.com/cli.json [none]
[debug] [2024-10-10T17:29:34.758Z] > command requires scopes: ["email","openid","https://www.googleapis.com/auth/cloudplatformprojects.readonly","https://www.googleapis.com/auth/firebase","https://www.googleapis.com/auth/cloud-platform"]
[debug] [2024-10-10T17:29:34.759Z] > authorizing via signed-in user (nhasan2053@gmail.com)
[info] 
     ######## #### ########  ######## ########     ###     ######  ########
     ##        ##  ##     ## ##       ##     ##  ##   ##  ##       ##
     ######    ##  ########  ######   ########  #########  ######  ######
     ##        ##  ##    ##  ##       ##     ## ##     ##       ## ##
     ##       #### ##     ## ######## ########  ##     ##  ######  ########

You're about to initialize a Firebase project in this directory:

  E:\Programming-Hero\Level-2\Frontend Track\Assignments\B3-A6-Recipe-Sharing-Community\B3-A6-Recipe-Sharing-Community-Client

[debug] [2024-10-10T17:29:35.442Z] <<< [apiv2][status] GET https://firebase-public.firebaseio.com/cli.json 200
[debug] [2024-10-10T17:29:35.442Z] <<< [apiv2][body] GET https://firebase-public.firebaseio.com/cli.json {"cloudBuildErrorAfter":1594252800000,"cloudBuildWarnAfter":1590019200000,"defaultNode10After":1594252800000,"minVersion":"3.0.5","node8DeploysDisabledAfter":1613390400000,"node8RuntimeDisabledAfter":1615809600000,"node8WarnAfter":1600128000000}
